<?xml version="1.0" encoding="UTF-8"?>
<testsuite xmlns:xsi="http://www.w3.org/2001/XMLSchema-instance" xsi:noNamespaceSchemaLocation="https://maven.apache.org/surefire/maven-surefire-plugin/xsd/surefire-test-report-3.0.xsd" version="3.0" name="com.example.deliverysystem.TestNotificationService" time="0.016" tests="3" errors="0" skipped="0" failures="0">
  <properties>
    <property name="java.specification.version" value="22"/>
    <property name="sun.jnu.encoding" value="UTF-8"/>
    <property name="java.class.path" value="/Users/amanjain/Desktop/MSCS/SDP_Assignment_6/target/test-classes:/Users/amanjain/Desktop/MSCS/SDP_Assignment_6/target/classes:/Users/amanjain/.m2/repository/org/junit/jupiter/junit-jupiter/5.9.3/junit-jupiter-5.9.3.jar:/Users/amanjain/.m2/repository/org/junit/jupiter/junit-jupiter-api/5.9.3/junit-jupiter-api-5.9.3.jar:/Users/amanjain/.m2/repository/org/opentest4j/opentest4j/1.2.0/opentest4j-1.2.0.jar:/Users/amanjain/.m2/repository/org/junit/platform/junit-platform-commons/1.9.3/junit-platform-commons-1.9.3.jar:/Users/amanjain/.m2/repository/org/apiguardian/apiguardian-api/1.1.2/apiguardian-api-1.1.2.jar:/Users/amanjain/.m2/repository/org/junit/jupiter/junit-jupiter-params/5.9.3/junit-jupiter-params-5.9.3.jar:/Users/amanjain/.m2/repository/org/junit/jupiter/junit-jupiter-engine/5.9.3/junit-jupiter-engine-5.9.3.jar:/Users/amanjain/.m2/repository/org/junit/platform/junit-platform-engine/1.9.3/junit-platform-engine-1.9.3.jar:/Users/amanjain/.m2/repository/org/apache/logging/log4j/log4j-core/2.19.0/log4j-core-2.19.0.jar:/Users/amanjain/.m2/repository/org/apache/logging/log4j/log4j-api/2.19.0/log4j-api-2.19.0.jar:/Users/amanjain/.m2/repository/com/github/spotbugs/spotbugs/4.2.0/spotbugs-4.2.0.jar:/Users/amanjain/.m2/repository/org/ow2/asm/asm/9.0/asm-9.0.jar:/Users/amanjain/.m2/repository/org/ow2/asm/asm-analysis/9.0/asm-analysis-9.0.jar:/Users/amanjain/.m2/repository/org/ow2/asm/asm-commons/9.0/asm-commons-9.0.jar:/Users/amanjain/.m2/repository/org/ow2/asm/asm-tree/9.0/asm-tree-9.0.jar:/Users/amanjain/.m2/repository/org/ow2/asm/asm-util/9.0/asm-util-9.0.jar:/Users/amanjain/.m2/repository/org/apache/bcel/bcel/6.5.0/bcel-6.5.0.jar:/Users/amanjain/.m2/repository/net/jcip/jcip-annotations/1.0/jcip-annotations-1.0.jar:/Users/amanjain/.m2/repository/org/dom4j/dom4j/2.1.3/dom4j-2.1.3.jar:/Users/amanjain/.m2/repository/org/apache/commons/commons-lang3/3.11/commons-lang3-3.11.jar:/Users/amanjain/.m2/repository/org/apache/commons/commons-text/1.9/commons-text-1.9.jar:/Users/amanjain/.m2/repository/org/slf4j/slf4j-api/1.8.0-beta4/slf4j-api-1.8.0-beta4.jar:/Users/amanjain/.m2/repository/com/github/spotbugs/spotbugs-annotations/4.2.0/spotbugs-annotations-4.2.0.jar:/Users/amanjain/.m2/repository/com/google/code/findbugs/jsr305/3.0.2/jsr305-3.0.2.jar:/Users/amanjain/.m2/repository/org/json/json/20200518/json-20200518.jar:/Users/amanjain/.m2/repository/jaxen/jaxen/1.2.0/jaxen-1.2.0.jar:/Users/amanjain/.m2/repository/net/sf/saxon/Saxon-HE/10.3/Saxon-HE-10.3.jar:"/>
    <property name="java.vm.vendor" value="Oracle Corporation"/>
    <property name="sun.arch.data.model" value="64"/>
    <property name="java.vendor.url" value="https://java.oracle.com/"/>
    <property name="os.name" value="Mac OS X"/>
    <property name="java.vm.specification.version" value="22"/>
    <property name="sun.java.launcher" value="SUN_STANDARD"/>
    <property name="user.country" value="US"/>
    <property name="sun.boot.library.path" value="/Library/Java/JavaVirtualMachines/jdk-22.jdk/Contents/Home/lib"/>
    <property name="sun.java.command" value="/Users/amanjain/Desktop/MSCS/SDP_Assignment_6/target/surefire/surefirebooter-20241202192726644_3.jar /Users/amanjain/Desktop/MSCS/SDP_Assignment_6/target/surefire 2024-12-02T19-27-26_546-jvmRun1 surefire-20241202192726644_1tmp surefire_0-20241202192726644_2tmp"/>
    <property name="http.nonProxyHosts" value="local|*.local|169.254/16|*.169.254/16"/>
    <property name="jdk.debug" value="release"/>
    <property name="surefire.test.class.path" value="/Users/amanjain/Desktop/MSCS/SDP_Assignment_6/target/test-classes:/Users/amanjain/Desktop/MSCS/SDP_Assignment_6/target/classes:/Users/amanjain/.m2/repository/org/junit/jupiter/junit-jupiter/5.9.3/junit-jupiter-5.9.3.jar:/Users/amanjain/.m2/repository/org/junit/jupiter/junit-jupiter-api/5.9.3/junit-jupiter-api-5.9.3.jar:/Users/amanjain/.m2/repository/org/opentest4j/opentest4j/1.2.0/opentest4j-1.2.0.jar:/Users/amanjain/.m2/repository/org/junit/platform/junit-platform-commons/1.9.3/junit-platform-commons-1.9.3.jar:/Users/amanjain/.m2/repository/org/apiguardian/apiguardian-api/1.1.2/apiguardian-api-1.1.2.jar:/Users/amanjain/.m2/repository/org/junit/jupiter/junit-jupiter-params/5.9.3/junit-jupiter-params-5.9.3.jar:/Users/amanjain/.m2/repository/org/junit/jupiter/junit-jupiter-engine/5.9.3/junit-jupiter-engine-5.9.3.jar:/Users/amanjain/.m2/repository/org/junit/platform/junit-platform-engine/1.9.3/junit-platform-engine-1.9.3.jar:/Users/amanjain/.m2/repository/org/apache/logging/log4j/log4j-core/2.19.0/log4j-core-2.19.0.jar:/Users/amanjain/.m2/repository/org/apache/logging/log4j/log4j-api/2.19.0/log4j-api-2.19.0.jar:/Users/amanjain/.m2/repository/com/github/spotbugs/spotbugs/4.2.0/spotbugs-4.2.0.jar:/Users/amanjain/.m2/repository/org/ow2/asm/asm/9.0/asm-9.0.jar:/Users/amanjain/.m2/repository/org/ow2/asm/asm-analysis/9.0/asm-analysis-9.0.jar:/Users/amanjain/.m2/repository/org/ow2/asm/asm-commons/9.0/asm-commons-9.0.jar:/Users/amanjain/.m2/repository/org/ow2/asm/asm-tree/9.0/asm-tree-9.0.jar:/Users/amanjain/.m2/repository/org/ow2/asm/asm-util/9.0/asm-util-9.0.jar:/Users/amanjain/.m2/repository/org/apache/bcel/bcel/6.5.0/bcel-6.5.0.jar:/Users/amanjain/.m2/repository/net/jcip/jcip-annotations/1.0/jcip-annotations-1.0.jar:/Users/amanjain/.m2/repository/org/dom4j/dom4j/2.1.3/dom4j-2.1.3.jar:/Users/amanjain/.m2/repository/org/apache/commons/commons-lang3/3.11/commons-lang3-3.11.jar:/Users/amanjain/.m2/repository/org/apache/commons/commons-text/1.9/commons-text-1.9.jar:/Users/amanjain/.m2/repository/org/slf4j/slf4j-api/1.8.0-beta4/slf4j-api-1.8.0-beta4.jar:/Users/amanjain/.m2/repository/com/github/spotbugs/spotbugs-annotations/4.2.0/spotbugs-annotations-4.2.0.jar:/Users/amanjain/.m2/repository/com/google/code/findbugs/jsr305/3.0.2/jsr305-3.0.2.jar:/Users/amanjain/.m2/repository/org/json/json/20200518/json-20200518.jar:/Users/amanjain/.m2/repository/jaxen/jaxen/1.2.0/jaxen-1.2.0.jar:/Users/amanjain/.m2/repository/net/sf/saxon/Saxon-HE/10.3/Saxon-HE-10.3.jar:"/>
    <property name="sun.cpu.endian" value="little"/>
    <property name="user.home" value="/Users/amanjain"/>
    <property name="user.language" value="en"/>
    <property name="java.specification.vendor" value="Oracle Corporation"/>
    <property name="java.version.date" value="2024-04-16"/>
    <property name="java.home" value="/Library/Java/JavaVirtualMachines/jdk-22.jdk/Contents/Home"/>
    <property name="file.separator" value="/"/>
    <property name="basedir" value="/Users/amanjain/Desktop/MSCS/SDP_Assignment_6"/>
    <property name="java.vm.compressedOopsMode" value="Zero based"/>
    <property name="line.separator" value="&#10;"/>
    <property name="java.vm.specification.vendor" value="Oracle Corporation"/>
    <property name="java.specification.name" value="Java Platform API Specification"/>
    <property name="apple.awt.application.name" value="ForkedBooter"/>
    <property name="surefire.real.class.path" value="/Users/amanjain/Desktop/MSCS/SDP_Assignment_6/target/surefire/surefirebooter-20241202192726644_3.jar"/>
    <property name="sun.management.compiler" value="HotSpot 64-Bit Tiered Compilers"/>
    <property name="ftp.nonProxyHosts" value="local|*.local|169.254/16|*.169.254/16"/>
    <property name="java.runtime.version" value="22.0.1+8-16"/>
    <property name="user.name" value="amanjain"/>
    <property name="stdout.encoding" value="UTF-8"/>
    <property name="path.separator" value=":"/>
    <property name="os.version" value="15.0"/>
    <property name="java.runtime.name" value="Java(TM) SE Runtime Environment"/>
    <property name="file.encoding" value="UTF-8"/>
    <property name="java.vm.name" value="Java HotSpot(TM) 64-Bit Server VM"/>
    <property name="localRepository" value="/Users/amanjain/.m2/repository"/>
    <property name="java.vendor.url.bug" value="https://bugreport.java.com/bugreport/"/>
    <property name="java.io.tmpdir" value="/var/folders/xp/wqb0y44x7xl59cpz8z5gk57r0000gn/T/"/>
    <property name="java.version" value="22.0.1"/>
    <property name="user.dir" value="/Users/amanjain/Desktop/MSCS/SDP_Assignment_6"/>
    <property name="os.arch" value="aarch64"/>
    <property name="java.vm.specification.name" value="Java Virtual Machine Specification"/>
    <property name="native.encoding" value="UTF-8"/>
    <property name="java.library.path" value="/Users/amanjain/Library/Java/Extensions:/Library/Java/Extensions:/Network/Library/Java/Extensions:/System/Library/Java/Extensions:/usr/lib/java:."/>
    <property name="java.vm.info" value="mixed mode, sharing"/>
    <property name="stderr.encoding" value="UTF-8"/>
    <property name="java.vendor" value="Oracle Corporation"/>
    <property name="java.vm.version" value="22.0.1+8-16"/>
    <property name="sun.io.unicode.encoding" value="UnicodeBig"/>
    <property name="socksNonProxyHosts" value="local|*.local|169.254/16|*.169.254/16"/>
    <property name="java.class.version" value="66.0"/>
  </properties>
  <testcase name="testSMSNotification" classname="com.example.deliverysystem.TestNotificationService" time="0.008">
    <system-out><![CDATA[SMS Notification: Test SMS Notification
]]></system-out>
  </testcase>
  <testcase name="testEmailNotification" classname="com.example.deliverysystem.TestNotificationService" time="0.001">
    <system-out><![CDATA[Email Notification: Test Email Notification
]]></system-out>
  </testcase>
  <testcase name="testInvalidNotificationType" classname="com.example.deliverysystem.TestNotificationService" time="0"/>
</testsuite>